<?xml version="1.0" encoding="UTF-8"?>
<!-- Generated by org.testng.reporters.JUnitXMLReporter -->
<testsuite ignored="0" hostname="Snehals-MacBook-Air.local" failures="0" tests="3" name="Test" time="19.947" errors="0" timestamp="2021-04-25T22:59:19 CEST">
  <testcase classname="tests.AlarmTests" name="@BeforeMethod beforeMethod" time="1.195">
    <failure type="java.lang.IllegalArgumentException" message="Can not set io.appium.java_client.MobileElement field Pages_Elements.AlarmPage.alarm_icon to org.openqa.selenium.remote.RemoteWebElement$$EnhancerByCGLIB$$d27c0df4">
      <![CDATA[java.lang.IllegalArgumentException: Can not set io.appium.java_client.MobileElement field Pages_Elements.AlarmPage.alarm_icon to org.openqa.selenium.remote.RemoteWebElement$$EnhancerByCGLIB$$d27c0df4
at org.openqa.selenium.support.PageFactory.proxyFields(PageFactory.java:117)
at org.openqa.selenium.support.PageFactory.initElements(PageFactory.java:105)
at Android_Clock.DriverConfig.<init>(DriverConfig.java:39)
at Pages_Elements.AlarmPage.<init>(AlarmPage.java:7)
at tests.AlarmTests.beforeMethod(AlarmTests.java:21)
at java.base/java.util.ArrayList.forEach(ArrayList.java:1511)
... Removed 35 stack frames]]>
    </failure>
  </testcase> <!-- @BeforeMethod beforeMethod -->
  <testcase classname="Android_Clock.DriverConfig" name="@AfterMethod afterMethod" time="-1.619384358813E9">
    <skipped/>
  </testcase> <!-- @AfterMethod afterMethod -->
  <testcase classname="tests.AlarmTests" name="@BeforeMethod beforeMethod" time="-1.619384358817E9">
    <skipped/>
  </testcase> <!-- @BeforeMethod beforeMethod -->
  <testcase classname="Android_Clock.DriverConfig" name="@AfterMethod afterMethod" time="-1.619384358865E9">
    <skipped/>
  </testcase> <!-- @AfterMethod afterMethod -->
  <testcase classname="tests.AlarmTests" name="@BeforeMethod beforeMethod" time="-1.619384358882E9">
    <skipped/>
  </testcase> <!-- @BeforeMethod beforeMethod -->
  <testcase classname="Android_Clock.DriverConfig" name="@AfterMethod afterMethod" time="-1.619384358992E9">
    <skipped/>
  </testcase> <!-- @AfterMethod afterMethod -->
  <testcase classname="Android_Clock.DriverConfig" name="@AfterTest afterTest" time="-1.619384358998E9">
    <skipped/>
  </testcase> <!-- @AfterTest afterTest -->
  <testcase classname="tests.AlarmTests" name="addAlarm_analog_validtime" time="0.001">
    <skipped/>
  </testcase> <!-- addAlarm_analog_validtime -->
  <testcase classname="tests.AlarmTests" name="addAlarm_digital_validtime" time="0.0">
    <skipped/>
  </testcase> <!-- addAlarm_digital_validtime -->
  <testcase classname="tests.AlarmTests" name="set_invalid_time" time="0.0">
    <skipped/>
  </testcase> <!-- set_invalid_time -->
</testsuite> <!-- Test -->
